REFRESH
REFRESH
REFRESH
REFRESH
REFRESH
REFRESH
REFRESH
REFRESH
REFRESH
REFRESH
REFRESH
REFRESH
REFRESH
KEY S
REFRESH
REFRESH
REFRESH
KEY S
REFRESH
REFRESH
KEY D
REFRESH
REFRESH
KEY D
REFRESH
REFRESH
REFRESH
KEY D
REFRESH
=== [5537] LEVEL INFO ===
Dimensions: 12 x 12
Tempo: 100
Pacman file: 
Monster files (5):
  - 2.m
  - 3.m
  - 4.m
  - 5.m
  - 6.m

=== BOARD ===
WWWWWWWWWWWW
W          W
W          W
W   P      W
W       M  W
W          W
W   M      W
W  M    M  W
W  M       W
W          W
W          W
WWWWWWWWWWWW
==================
REFRESH
REFRESH
REFRESH
REFRESH
REFRESH
REFRESH
REFRESH
REFRESH
REFRESH
REFRESH
REFRESH
REFRESH
REFRESH
REFRESH
REFRESH
REFRESH
REFRESH
REFRESH
REFRESH
REFRESH
REFRESH
REFRESH
REFRESH
REFRESH
REFRESH
REFRESH
REFRESH
REFRESH
REFRESH
REFRESH
REFRESH
REFRESH
REFRESH
REFRESH
REFRESH
REFRESH
REFRESH
REFRESH
REFRESH
REFRESH
REFRESH
REFRESH
REFRESH
REFRESH
REFRESH
REFRESH
REFRESH
REFRESH
REFRESH
REFRESH
REFRESH
REFRESH
REFRESH
REFRESH
REFRESH
REFRESH
KEY Q
REFRESH
=== [5537] LEVEL INFO ===
Dimensions: 12 x 12
Tempo: 100
Pacman file: 
Monster files (2):
  - 2.m
  - 3.m

=== BOARD ===
WWWWWWWWWWWW
WP         W
W   M      W
W          W
W          W
W          W
W       M  W
W          W
W          W
W          W
W          W
WWWWWWWWWWWW
==================
